2019-10-03 12:21:23,919  INFO [main] LogReports:23 - IE browser started...
2019-10-03 12:21:32,356  INFO [main] LogReports:23 - Application is open...
2019-10-03 12:22:24,695  INFO [main] LogReports:23 - Chrome browser started...
2019-10-03 12:22:39,653  INFO [main] LogReports:23 - Application is open...
2019-10-03 12:49:57,036  INFO [main] LogReports:23 - Chrome browser started...
2019-10-03 12:50:10,335  INFO [main] LogReports:23 - Application is open...
2019-10-03 12:50:15,357  INFO [main] LogReports:23 - correctpageaimi validated...
2019-10-03 12:51:09,055  INFO [main] LogReports:23 - Chrome browser started...
2019-10-03 12:51:23,173  INFO [main] LogReports:23 - Application is open...
2019-10-03 12:52:48,058  INFO [main] LogReports:23 - Chrome browser started...
2019-10-03 12:53:00,392  INFO [main] LogReports:23 - Application is open...
2019-10-03 12:53:04,573  INFO [main] LogReports:23 - correctpageaimi validated...
2019-10-03 12:54:42,001  INFO [main] LogReports:23 - Chrome browser started...
2019-10-03 12:54:54,647  INFO [main] LogReports:23 - Application is open...
2019-10-03 12:55:00,182  INFO [main] LogReports:23 - correctpageaimi validated...
2019-10-03 13:04:08,790  INFO [main] LogReports:23 - Chrome browser started...
2019-10-03 13:04:22,103  INFO [main] LogReports:23 - Application is open...
2019-10-03 13:04:26,289  INFO [main] LogReports:23 - correctpageaimi validated...
2019-10-03 13:04:26,324  INFO [main] LogReports:23 - breadcrumb validated...
2019-10-03 13:05:09,342  INFO [main] LogReports:23 - Chrome browser started...
2019-10-03 13:05:22,138  INFO [main] LogReports:23 - Application is open...
2019-10-03 13:05:26,987  INFO [main] LogReports:23 - correctpageaimi validated...
2019-10-03 14:31:11,893  INFO [main] LogReports:23 - Chrome browser started...
2019-10-03 14:31:24,669  INFO [main] LogReports:23 - Application is open...
2019-10-03 14:31:30,710  INFO [main] LogReports:23 - explorebreadcrum validated...
2019-10-03 14:34:51,425  INFO [main] LogReports:23 - Chrome browser started...
2019-10-03 14:35:04,026  INFO [main] LogReports:23 - Application is open...
2019-10-03 14:35:10,666  INFO [main] LogReports:23 - explorebreadcrum validated...
2019-10-03 14:35:16,668  INFO [main] LogReports:23 - correctpageaimi validated...
2019-10-03 14:35:16,703  INFO [main] LogReports:23 - breadcrumb validated...
2019-10-03 14:44:09,474  INFO [main] LogReports:23 - Chrome browser started...
2019-10-03 14:44:21,919  INFO [main] LogReports:23 - Application is open...
2019-10-03 14:44:28,462  INFO [main] LogReports:23 - explorebreadcrumb validated...
2019-10-03 14:44:33,621  INFO [main] LogReports:23 - correctpageaimi validated...
2019-10-03 14:44:33,665  INFO [main] LogReports:23 - breadcrumb validated...
2019-10-03 15:28:27,663  INFO [main] LogReports:23 - Chrome browser started...
2019-10-03 15:28:41,189  INFO [main] LogReports:23 - Application is open...
2019-10-03 15:28:47,645  INFO [main] LogReports:23 - explorebreadcrumb validated...
2019-10-03 15:28:53,232  INFO [main] LogReports:23 - correctpageaimi validated...
2019-10-03 15:31:06,410  INFO [main] LogReports:23 - Chrome browser started...
2019-10-03 15:31:19,498  INFO [main] LogReports:23 - Application is open...
2019-10-03 15:31:25,910  INFO [main] LogReports:23 - explorebreadcrumb validated...
2019-10-03 15:31:31,327  INFO [main] LogReports:23 - correctpageaimi validated...
2019-10-03 15:34:25,887  INFO [main] LogReports:23 - Chrome browser started...
2019-10-03 15:34:39,208  INFO [main] LogReports:23 - Application is open...
2019-10-03 15:34:45,635  INFO [main] LogReports:23 - explorebreadcrumb validated...
2019-10-03 15:34:51,044  INFO [main] LogReports:23 - correctpageaimi validated...
2019-10-03 15:34:51,080  INFO [main] LogReports:23 - breadcrumb validated...
2019-10-03 15:34:55,298  INFO [main] LogReports:23 - argumentedpage validated...
2019-10-03 15:34:55,316  INFO [main] LogReports:23 - argumentedbreadcrumb validated...
2019-10-03 15:34:59,370  INFO [main] LogReports:23 - internetofthings page validated...
2019-10-03 15:34:59,400  INFO [main] LogReports:23 - internetofthings breadcrumb validated...
2019-10-03 16:19:24,130  INFO [main] LogReports:23 - Chrome browser started...
2019-10-03 16:19:39,611  INFO [main] LogReports:23 - Application is open...
2019-10-03 16:19:47,290  INFO [main] LogReports:23 - explorebreadcrumb validated...
2019-10-03 16:19:52,690  INFO [main] LogReports:23 - correctpageaimi validated...
2019-10-03 16:19:52,717  INFO [main] LogReports:23 - breadcrumb validated...
2019-10-03 16:19:56,981  INFO [main] LogReports:23 - argumentedpage validated...
2019-10-03 16:19:57,009  INFO [main] LogReports:23 - argumentedbreadcrumb validated...
2019-10-03 16:20:01,179  INFO [main] LogReports:23 - internetofthings page validated...
2019-10-03 16:20:01,203  INFO [main] LogReports:23 - internetofthings breadcrumb validated...
2019-10-03 16:20:06,788  INFO [main] LogReports:23 - chatbotspage validated...
2019-10-03 16:20:06,819  INFO [main] LogReports:23 - chatbot'sbreadcrumb validated...
2019-10-03 16:22:58,671  INFO [main] LogReports:23 - Chrome browser started...
2019-10-03 16:23:12,364  INFO [main] LogReports:23 - Application is open...
2019-10-03 16:23:19,281  INFO [main] LogReports:23 - explorebreadcrumb validated...
2019-10-03 16:23:24,346  INFO [main] LogReports:23 - correctpageaimi validated...
2019-10-03 16:23:24,365  INFO [main] LogReports:23 - breadcrumb validated...
2019-10-03 16:23:28,403  INFO [main] LogReports:23 - argumentedpage validated...
2019-10-03 16:23:28,433  INFO [main] LogReports:23 - argumentedbreadcrumb validated...
2019-10-03 16:23:32,543  INFO [main] LogReports:23 - internetofthings page validated...
2019-10-03 16:23:32,578  INFO [main] LogReports:23 - internetofthings breadcrumb validated...
2019-10-03 16:23:36,860  INFO [main] LogReports:23 - chatbotspage validated...
2019-10-03 16:23:36,891  INFO [main] LogReports:23 - chatbot'sbreadcrumb validated...
2019-10-03 16:35:12,244  INFO [main] LogReports:23 - Chrome browser started...
2019-10-03 16:35:26,347  INFO [main] LogReports:23 - Application is open...
2019-10-03 16:35:33,536  INFO [main] LogReports:23 - explorebreadcrumb validated...
2019-10-03 16:35:38,788  INFO [main] LogReports:23 - correctpageaimi validated...
2019-10-03 16:35:38,822  INFO [main] LogReports:23 - breadcrumb validated...
2019-10-03 16:35:43,325  INFO [main] LogReports:23 - argumentedpage validated...
2019-10-03 16:35:43,354  INFO [main] LogReports:23 - argumentedbreadcrumb validated...
2019-10-03 16:35:48,773  INFO [main] LogReports:23 - internetofthings page validated...
2019-10-03 16:35:48,815  INFO [main] LogReports:23 - internetofthings breadcrumb validated...
2019-10-03 16:35:53,367  INFO [main] LogReports:23 - chatbotspage validated...
2019-10-03 16:35:53,405  INFO [main] LogReports:23 - chatbot'sbreadcrumb validated...
2019-10-03 16:35:57,512  INFO [main] LogReports:23 - blockchainpage validated...
2019-10-03 16:35:57,536  INFO [main] LogReports:23 - blockchainbreadcrumb validated...
